<?xml version="1.0" encoding="UTF-8"?>
<coverage generated="1777304823172" clover="3.2.0">
  <project timestamp="1777304823173" name="All files">
    <metrics statements="23" coveredstatements="23" conditionals="16" coveredconditionals="15" methods="11" coveredmethods="10" elements="50" coveredelements="48" complexity="0" loc="23" ncloc="23" packages="2" files="2" classes="2"/>
    <package name="components">
      <metrics statements="9" coveredstatements="9" conditionals="8" coveredconditionals="8" methods="3" coveredmethods="3"/>
      <file name="ProtectedRoute.jsx" path="C:\Incture\frontend\Project\Enterprise Work Management System\src\components\ProtectedRoute.jsx">
        <metrics statements="9" coveredstatements="9" conditionals="8" coveredconditionals="8" methods="3" coveredmethods="3"/>
        <line num="5" count="1" type="stmt"/>
        <line num="6" count="8" type="stmt"/>
        <line num="8" count="4" type="cond" truecount="2" falsecount="0"/>
        <line num="9" count="1" type="stmt"/>
        <line num="12" count="3" type="cond" truecount="4" falsecount="0"/>
        <line num="13" count="2" type="stmt"/>
        <line num="14" count="2" type="cond" truecount="2" falsecount="0"/>
        <line num="15" count="1" type="stmt"/>
        <line num="19" count="2" type="stmt"/>
      </file>
    </package>
    <package name="theme">
      <metrics statements="14" coveredstatements="14" conditionals="8" coveredconditionals="7" methods="8" coveredmethods="7"/>
      <file name="ThemeContext.jsx" path="C:\Incture\frontend\Project\Enterprise Work Management System\src\theme\ThemeContext.jsx">
        <metrics statements="14" coveredstatements="14" conditionals="8" coveredconditionals="7" methods="8" coveredmethods="7"/>
        <line num="4" count="1" type="stmt"/>
        <line num="6" count="1" type="stmt"/>
        <line num="7" count="3" type="cond" truecount="2" falsecount="0"/>
        <line num="9" count="3" type="stmt"/>
        <line num="10" count="3" type="stmt"/>
        <line num="12" count="1" type="stmt"/>
        <line num="13" count="1" type="cond" truecount="1" falsecount="1"/>
        <line num="14" count="1" type="stmt"/>
        <line num="15" count="1" type="stmt"/>
        <line num="23" count="3" type="stmt"/>
        <line num="25" count="3" type="stmt"/>
        <line num="52" count="3" type="stmt"/>
        <line num="53" count="3" type="stmt"/>
        <line num="56" count="3" type="stmt"/>
      </file>
    </package>
  </project>
</coverage>
