{"C:\\Incture\\frontend\\Project\\Enterprise Work Management System\\src\\components\\ProtectedRoute.jsx": {"path":"C:\\Incture\\frontend\\Project\\Enterprise Work Management System\\src\\components\\ProtectedRoute.jsx","statementMap":{"0":{"start":{"line":5,"column":23},"end":{"line":20,"column":1}},"1":{"start":{"line":6,"column":31},"end":{"line":6,"column":65}},"2":{"start":{"line":6,"column":54},"end":{"line":6,"column":64}},"3":{"start":{"line":8,"column":2},"end":{"line":10,"column":3}},"4":{"start":{"line":9,"column":4},"end":{"line":9,"column":44}},"5":{"start":{"line":12,"column":2},"end":{"line":17,"column":3}},"6":{"start":{"line":13,"column":20},"end":{"line":13,"column":74}},"7":{"start":{"line":13,"column":46},"end":{"line":13,"column":73}},"8":{"start":{"line":14,"column":4},"end":{"line":16,"column":5}},"9":{"start":{"line":15,"column":6},"end":{"line":15,"column":53}},"10":{"start":{"line":19,"column":2},"end":{"line":19,"column":18}}},"fnMap":{"0":{"name":"(anonymous_0)","decl":{"start":{"line":5,"column":23},"end":{"line":5,"column":24}},"loc":{"start":{"line":5,"column":55},"end":{"line":20,"column":1}},"line":5},"1":{"name":"(anonymous_1)","decl":{"start":{"line":6,"column":43},"end":{"line":6,"column":44}},"loc":{"start":{"line":6,"column":54},"end":{"line":6,"column":64}},"line":6},"2":{"name":"(anonymous_2)","decl":{"start":{"line":13,"column":36},"end":{"line":13,"column":37}},"loc":{"start":{"line":13,"column":46},"end":{"line":13,"column":73}},"line":13}},"branchMap":{"0":{"loc":{"start":{"line":8,"column":2},"end":{"line":10,"column":3}},"type":"if","locations":[{"start":{"line":8,"column":2},"end":{"line":10,"column":3}},{"start":{},"end":{}}],"line":8},"1":{"loc":{"start":{"line":12,"column":2},"end":{"line":17,"column":3}},"type":"if","locations":[{"start":{"line":12,"column":2},"end":{"line":17,"column":3}},{"start":{},"end":{}}],"line":12},"2":{"loc":{"start":{"line":12,"column":6},"end":{"line":12,"column":26}},"type":"binary-expr","locations":[{"start":{"line":12,"column":6},"end":{"line":12,"column":18}},{"start":{"line":12,"column":22},"end":{"line":12,"column":26}}],"line":12},"3":{"loc":{"start":{"line":14,"column":4},"end":{"line":16,"column":5}},"type":"if","locations":[{"start":{"line":14,"column":4},"end":{"line":16,"column":5}},{"start":{},"end":{}}],"line":14}},"s":{"0":1,"1":4,"2":8,"3":4,"4":1,"5":3,"6":2,"7":2,"8":2,"9":1,"10":2},"f":{"0":4,"1":8,"2":2},"b":{"0":[1,3],"1":[2,1],"2":[3,2],"3":[1,1]},"_coverageSchema":"1a1c01bbd47fc00a2c39e90264f33305004495a9","hash":"40d1843e8e7eed33319d56057779386b6ef9fbb8"}
,"C:\\Incture\\frontend\\Project\\Enterprise Work Management System\\src\\theme\\ThemeContext.jsx": {"path":"C:\\Incture\\frontend\\Project\\Enterprise Work Management System\\src\\theme\\ThemeContext.jsx","statementMap":{"0":{"start":{"line":4,"column":32},"end":{"line":4,"column":91}},"1":{"start":{"line":6,"column":35},"end":{"line":61,"column":1}},"2":{"start":{"line":7,"column":26},"end":{"line":7,"column":86}},"3":{"start":{"line":7,"column":41},"end":{"line":7,"column":85}},"4":{"start":{"line":9,"column":20},"end":{"line":21,"column":3}},"5":{"start":{"line":10,"column":11},"end":{"line":19,"column":5}},"6":{"start":{"line":12,"column":8},"end":{"line":16,"column":11}},"7":{"start":{"line":13,"column":26},"end":{"line":13,"column":65}},"8":{"start":{"line":14,"column":10},"end":{"line":14,"column":53}},"9":{"start":{"line":15,"column":10},"end":{"line":15,"column":25}},"10":{"start":{"line":23,"column":16},"end":{"line":50,"column":3}},"11":{"start":{"line":25,"column":6},"end":{"line":48,"column":8}},"12":{"start":{"line":52,"column":2},"end":{"line":54,"column":14}},"13":{"start":{"line":53,"column":4},"end":{"line":53,"column":75}},"14":{"start":{"line":56,"column":2},"end":{"line":60,"column":4}}},"fnMap":{"0":{"name":"(anonymous_0)","decl":{"start":{"line":4,"column":65},"end":{"line":4,"column":66}},"loc":{"start":{"line":4,"column":71},"end":{"line":4,"column":73}},"line":4},"1":{"name":"(anonymous_1)","decl":{"start":{"line":6,"column":35},"end":{"line":6,"column":36}},"loc":{"start":{"line":6,"column":53},"end":{"line":61,"column":1}},"line":6},"2":{"name":"(anonymous_2)","decl":{"start":{"line":7,"column":35},"end":{"line":7,"column":36}},"loc":{"start":{"line":7,"column":41},"end":{"line":7,"column":85}},"line":7},"3":{"name":"(anonymous_3)","decl":{"start":{"line":10,"column":4},"end":{"line":10,"column":5}},"loc":{"start":{"line":10,"column":11},"end":{"line":19,"column":5}},"line":10},"4":{"name":"(anonymous_4)","decl":{"start":{"line":11,"column":23},"end":{"line":11,"column":24}},"loc":{"start":{"line":11,"column":29},"end":{"line":17,"column":7}},"line":11},"5":{"name":"(anonymous_5)","decl":{"start":{"line":12,"column":16},"end":{"line":12,"column":17}},"loc":{"start":{"line":12,"column":30},"end":{"line":16,"column":9}},"line":12},"6":{"name":"(anonymous_6)","decl":{"start":{"line":24,"column":4},"end":{"line":24,"column":5}},"loc":{"start":{"line":25,"column":6},"end":{"line":48,"column":8}},"line":25},"7":{"name":"(anonymous_7)","decl":{"start":{"line":52,"column":12},"end":{"line":52,"column":13}},"loc":{"start":{"line":52,"column":18},"end":{"line":54,"column":3}},"line":52}},"branchMap":{"0":{"loc":{"start":{"line":7,"column":41},"end":{"line":7,"column":85}},"type":"binary-expr","locations":[{"start":{"line":7,"column":41},"end":{"line":7,"column":74}},{"start":{"line":7,"column":78},"end":{"line":7,"column":85}}],"line":7},"1":{"loc":{"start":{"line":13,"column":26},"end":{"line":13,"column":65}},"type":"cond-expr","locations":[{"start":{"line":13,"column":49},"end":{"line":13,"column":55}},{"start":{"line":13,"column":58},"end":{"line":13,"column":65}}],"line":13},"2":{"loc":{"start":{"line":35,"column":21},"end":{"line":35,"column":60}},"type":"cond-expr","locations":[{"start":{"line":35,"column":39},"end":{"line":35,"column":48}},{"start":{"line":35,"column":51},"end":{"line":35,"column":60}}],"line":35},"3":{"loc":{"start":{"line":36,"column":19},"end":{"line":36,"column":58}},"type":"cond-expr","locations":[{"start":{"line":36,"column":37},"end":{"line":36,"column":46}},{"start":{"line":36,"column":49},"end":{"line":36,"column":58}}],"line":36}},"s":{"0":1,"1":1,"2":3,"3":2,"4":3,"5":3,"6":1,"7":1,"8":1,"9":1,"10":3,"11":3,"12":3,"13":3,"14":3},"f":{"0":0,"1":3,"2":2,"3":3,"4":1,"5":1,"6":3,"7":3},"b":{"0":[2,2],"1":[1,0],"2":[1,2],"3":[1,2]},"_coverageSchema":"1a1c01bbd47fc00a2c39e90264f33305004495a9","hash":"678592c6dade0eae8fa4e1859e0e37a31b9fb88c"}
}
