TN:
SF:src\components\ProtectedRoute.jsx
FN:5,(anonymous_0)
FN:6,(anonymous_1)
FN:13,(anonymous_2)
FNF:3
FNH:3
FNDA:16,(anonymous_0)
FNDA:32,(anonymous_1)
FNDA:1,(anonymous_2)
DA:5,4
DA:6,32
DA:8,16
DA:9,4
DA:12,12
DA:13,1
DA:14,1
DA:15,1
DA:19,11
LF:9
LH:9
BRDA:8,0,0,4
BRDA:8,0,1,12
BRDA:12,1,0,1
BRDA:12,1,1,11
BRDA:12,2,0,12
BRDA:12,2,1,1
BRDA:14,3,0,1
BRDA:14,3,1,0
BRF:8
BRH:7
end_of_record
TN:
SF:src\components\TaskDetailsModal.jsx
FN:20,(anonymous_0)
FN:27,(anonymous_1)
FN:29,(anonymous_2)
FN:30,(anonymous_3)
FN:33,(anonymous_4)
FN:39,(anonymous_5)
FN:42,(anonymous_6)
FN:47,(anonymous_7)
FN:50,(anonymous_8)
FN:53,(anonymous_9)
FN:59,(anonymous_10)
FN:79,(anonymous_11)
FN:101,(anonymous_12)
FN:111,(anonymous_13)
FN:130,(anonymous_14)
FN:137,(anonymous_15)
FNF:16
FNH:0
FNDA:0,(anonymous_0)
FNDA:0,(anonymous_1)
FNDA:0,(anonymous_2)
FNDA:0,(anonymous_3)
FNDA:0,(anonymous_4)
FNDA:0,(anonymous_5)
FNDA:0,(anonymous_6)
FNDA:0,(anonymous_7)
FNDA:0,(anonymous_8)
FNDA:0,(anonymous_9)
FNDA:0,(anonymous_10)
FNDA:0,(anonymous_11)
FNDA:0,(anonymous_12)
FNDA:0,(anonymous_13)
FNDA:0,(anonymous_14)
FNDA:0,(anonymous_15)
DA:20,0
DA:21,0
DA:22,0
DA:23,0
DA:24,0
DA:25,0
DA:27,0
DA:28,0
DA:29,0
DA:30,0
DA:33,0
DA:34,0
DA:35,0
DA:39,0
DA:40,0
DA:41,0
DA:43,0
DA:44,0
DA:45,0
DA:47,0
DA:50,0
DA:51,0
DA:52,0
DA:54,0
DA:55,0
DA:56,0
DA:57,0
DA:59,0
DA:62,0
DA:64,0
DA:80,0
DA:101,0
DA:112,0
DA:130,0
DA:137,0
LF:35
LH:0
BRDA:28,0,0,0
BRDA:28,0,1,0
BRDA:34,1,0,0
BRDA:34,1,1,0
BRDA:34,2,0,0
BRDA:34,2,1,0
BRDA:40,3,0,0
BRDA:40,3,1,0
BRDA:51,4,0,0
BRDA:51,4,1,0
BRDA:51,5,0,0
BRDA:51,5,1,0
BRDA:62,6,0,0
BRDA:62,6,1,0
BRDA:69,7,0,0
BRDA:69,7,1,0
BRF:16
BRH:0
end_of_record
TN:
SF:src\components\TaskItem.jsx
FN:4,(anonymous_0)
FNF:1
FNH:1
FNDA:5,(anonymous_0)
DA:4,1
DA:5,5
LF:2
LH:2
BRDA:25,0,0,5
BRDA:25,0,1,4
BRF:2
BRH:2
end_of_record
TN:
SF:src\pages\Dashboard.jsx
FN:19,(anonymous_0)
FN:37,(anonymous_1)
FN:38,(anonymous_2)
FN:48,(anonymous_3)
FN:50,(anonymous_4)
FN:105,(anonymous_5)
FN:180,(anonymous_6)
FNF:7
FNH:6
FNDA:15,(anonymous_0)
FNDA:9,(anonymous_1)
FNDA:9,(anonymous_2)
FNDA:0,(anonymous_3)
FNDA:9,(anonymous_4)
FNDA:11,(anonymous_5)
FNDA:11,(anonymous_6)
DA:19,4
DA:20,15
DA:21,15
DA:27,15
DA:28,15
DA:29,15
DA:31,15
DA:32,15
DA:33,15
DA:35,15
DA:37,15
DA:38,9
DA:39,9
DA:40,9
DA:46,9
DA:47,9
DA:48,0
DA:50,9
DA:51,9
DA:55,15
DA:106,11
DA:181,11
LF:22
LH:21
BRDA:46,0,0,9
BRDA:46,0,1,1
BRDA:47,1,0,9
BRDA:47,1,1,1
BRDA:97,2,0,0
BRDA:97,2,1,15
BRDA:102,3,0,9
BRDA:102,3,1,6
BRDA:109,4,0,11
BRDA:109,4,1,0
BRDA:115,5,0,11
BRDA:115,5,1,0
BRDA:131,6,0,0
BRDA:131,6,1,15
BRDA:132,7,0,0
BRDA:132,7,1,15
BRDA:162,8,0,0
BRDA:162,8,1,15
BRDA:163,9,0,0
BRDA:163,9,1,15
BRDA:173,10,0,0
BRDA:173,10,1,15
BRDA:174,11,0,0
BRDA:174,11,1,15
BRF:24
BRH:15
end_of_record
TN:
SF:src\pages\Login.jsx
FN:27,(anonymous_0)
FN:40,(anonymous_1)
FN:44,(anonymous_2)
FN:47,(anonymous_3)
FNF:4
FNH:3
FNDA:22,(anonymous_0)
FNDA:1,(anonymous_1)
FNDA:1,(anonymous_2)
FNDA:0,(anonymous_3)
DA:22,4
DA:27,4
DA:28,22
DA:29,22
DA:30,22
DA:36,22
DA:40,22
DA:41,1
DA:42,1
DA:45,1
DA:48,0
DA:52,22
LF:12
LH:11
BRDA:48,0,0,0
BRDA:48,0,1,0
BRDA:69,1,0,22
BRDA:69,1,1,0
BRF:4
BRH:1
end_of_record
TN:
SF:src\pages\ProjectDetails.jsx
FN:31,(anonymous_0)
FN:45,(anonymous_1)
FN:46,(anonymous_2)
FN:47,(anonymous_3)
FN:54,(anonymous_4)
FN:62,(anonymous_5)
FN:63,(anonymous_6)
FN:69,(anonymous_7)
FN:71,(anonymous_8)
FN:74,(anonymous_9)
FN:95,(anonymous_10)
FN:97,(anonymous_11)
FN:111,(anonymous_12)
FN:112,(anonymous_13)
FN:125,(anonymous_14)
FN:132,(anonymous_15)
FN:136,(anonymous_16)
FN:142,(anonymous_17)
FN:144,(anonymous_18)
FN:148,(anonymous_19)
FN:162,(anonymous_20)
FN:192,(anonymous_21)
FN:200,(anonymous_22)
FNF:23
FNH:0
FNDA:0,(anonymous_0)
FNDA:0,(anonymous_1)
FNDA:0,(anonymous_2)
FNDA:0,(anonymous_3)
FNDA:0,(anonymous_4)
FNDA:0,(anonymous_5)
FNDA:0,(anonymous_6)
FNDA:0,(anonymous_7)
FNDA:0,(anonymous_8)
FNDA:0,(anonymous_9)
FNDA:0,(anonymous_10)
FNDA:0,(anonymous_11)
FNDA:0,(anonymous_12)
FNDA:0,(anonymous_13)
FNDA:0,(anonymous_14)
FNDA:0,(anonymous_15)
FNDA:0,(anonymous_16)
FNDA:0,(anonymous_17)
FNDA:0,(anonymous_18)
FNDA:0,(anonymous_19)
FNDA:0,(anonymous_20)
FNDA:0,(anonymous_21)
FNDA:0,(anonymous_22)
DA:24,0
DA:31,0
DA:32,0
DA:33,0
DA:34,0
DA:40,0
DA:41,0
DA:42,0
DA:43,0
DA:45,0
DA:46,0
DA:47,0
DA:48,0
DA:54,0
DA:55,0
DA:56,0
DA:58,0
DA:62,0
DA:63,0
DA:65,0
DA:69,0
DA:70,0
DA:71,0
DA:74,0
DA:75,0
DA:77,0
DA:79,0
DA:80,0
DA:83,0
DA:84,0
DA:86,0
DA:87,0
DA:89,0
DA:90,0
DA:92,0
DA:95,0
DA:97,0
DA:104,0
DA:111,0
DA:112,0
DA:113,0
DA:114,0
DA:115,0
DA:119,0
DA:121,0
DA:125,0
DA:133,0
DA:137,0
DA:143,0
DA:145,0
DA:148,0
DA:162,0
DA:192,0
DA:200,0
LF:54
LH:0
BRDA:55,0,0,0
BRDA:55,0,1,0
BRDA:77,1,0,0
BRDA:77,1,1,0
BRDA:79,2,0,0
BRDA:79,2,1,0
BRDA:79,3,0,0
BRDA:79,3,1,0
BRDA:87,4,0,0
BRDA:87,4,1,0
BRDA:119,5,0,0
BRDA:119,5,1,0
BRF:12
BRH:0
end_of_record
TN:
SF:src\pages\Projects.jsx
FN:23,(anonymous_0)
FN:28,(anonymous_1)
FN:32,(anonymous_2)
FN:33,(anonymous_3)
FN:36,(anonymous_4)
FN:40,(anonymous_5)
FN:41,(anonymous_6)
FN:46,(anonymous_7)
FN:57,(anonymous_8)
FN:64,(anonymous_9)
FN:79,(anonymous_10)
FN:88,(anonymous_11)
FN:115,(anonymous_12)
FNF:13
FNH:6
FNDA:15,(anonymous_0)
FNDA:20,(anonymous_1)
FNDA:5,(anonymous_2)
FNDA:5,(anonymous_3)
FNDA:5,(anonymous_4)
FNDA:0,(anonymous_5)
FNDA:0,(anonymous_6)
FNDA:0,(anonymous_7)
FNDA:0,(anonymous_8)
FNDA:10,(anonymous_9)
FNDA:0,(anonymous_10)
FNDA:0,(anonymous_11)
FNDA:0,(anonymous_12)
DA:23,1
DA:24,15
DA:25,15
DA:26,15
DA:27,15
DA:28,20
DA:30,15
DA:32,15
DA:33,5
DA:36,15
DA:37,5
DA:40,15
DA:41,0
DA:42,0
DA:43,0
DA:44,0
DA:45,0
DA:47,0
DA:48,0
DA:52,15
DA:57,0
DA:65,10
DA:79,0
DA:88,0
DA:115,0
LF:25
LH:14
BRDA:30,0,0,15
BRDA:30,0,1,15
BRDA:56,1,0,15
BRDA:56,1,1,3
BRF:4
BRH:4
end_of_record
TN:
SF:src\pages\Reports.jsx
FN:36,(anonymous_0)
FN:40,(anonymous_1)
FN:42,(anonymous_2)
FN:46,(anonymous_3)
FN:52,(anonymous_4)
FN:57,(anonymous_5)
FN:121,(anonymous_6)
FN:146,(anonymous_7)
FNF:8
FNH:0
FNDA:0,(anonymous_0)
FNDA:0,(anonymous_1)
FNDA:0,(anonymous_2)
FNDA:0,(anonymous_3)
FNDA:0,(anonymous_4)
FNDA:0,(anonymous_5)
FNDA:0,(anonymous_6)
FNDA:0,(anonymous_7)
DA:34,1
DA:36,1
DA:37,0
DA:38,0
DA:40,0
DA:41,0
DA:43,0
DA:44,0
DA:47,0
DA:48,0
DA:52,0
DA:54,0
DA:55,0
DA:57,0
DA:59,0
DA:60,0
DA:61,0
DA:62,0
DA:63,0
DA:64,0
DA:65,0
DA:68,0
DA:70,0
DA:122,0
DA:147,0
LF:25
LH:2
BRDA:68,0,0,0
BRDA:68,0,1,0
BRDA:68,1,0,0
BRDA:68,1,1,0
BRDA:152,2,0,0
BRDA:152,2,1,0
BRF:6
BRH:0
end_of_record
TN:
SF:src\pages\Settings.jsx
FN:9,(anonymous_0)
FN:11,(anonymous_1)
FN:18,(anonymous_2)
FN:20,(anonymous_3)
FN:21,(anonymous_4)
FNF:5
FNH:0
FNDA:0,(anonymous_0)
FNDA:0,(anonymous_1)
FNDA:0,(anonymous_2)
FNDA:0,(anonymous_3)
FNDA:0,(anonymous_4)
DA:9,0
DA:10,0
DA:11,0
DA:12,0
DA:18,0
DA:19,0
DA:20,0
DA:21,0
DA:24,0
LF:9
LH:0
BRDA:14,0,0,0
BRDA:14,0,1,0
BRF:2
BRH:0
end_of_record
TN:
SF:src\pages\Signup.jsx
FN:30,(anonymous_0)
FN:46,(anonymous_1)
FN:50,(anonymous_2)
FN:53,(anonymous_3)
FNF:4
FNH:1
FNDA:2,(anonymous_0)
FNDA:0,(anonymous_1)
FNDA:0,(anonymous_2)
FNDA:0,(anonymous_3)
DA:23,1
DA:30,1
DA:31,2
DA:32,2
DA:33,2
DA:39,2
DA:46,2
DA:47,0
DA:48,0
DA:51,0
DA:54,0
DA:58,2
LF:12
LH:8
BRDA:54,0,0,0
BRDA:54,0,1,0
BRDA:75,1,0,2
BRDA:75,1,1,0
BRF:4
BRH:1
end_of_record
TN:
SF:src\pages\Users.jsx
FN:17,(anonymous_0)
FN:20,(anonymous_1)
FN:21,(anonymous_2)
FN:24,(anonymous_3)
FN:28,(anonymous_4)
FN:30,(anonymous_5)
FN:56,(anonymous_6)
FN:70,(anonymous_7)
FNF:8
FNH:0
FNDA:0,(anonymous_0)
FNDA:0,(anonymous_1)
FNDA:0,(anonymous_2)
FNDA:0,(anonymous_3)
FNDA:0,(anonymous_4)
FNDA:0,(anonymous_5)
FNDA:0,(anonymous_6)
FNDA:0,(anonymous_7)
DA:17,0
DA:18,0
DA:20,0
DA:21,0
DA:24,0
DA:25,0
DA:28,0
DA:29,0
DA:30,0
DA:31,0
DA:36,0
DA:57,0
DA:70,0
LF:13
LH:0
BRDA:29,0,0,0
BRDA:29,0,1,0
BRDA:68,1,0,0
BRDA:68,1,1,0
BRF:4
BRH:0
end_of_record
TN:
SF:src\store\store.js
FNF:0
FNH:0
DA:4,1
LF:1
LH:1
BRF:0
BRH:0
end_of_record
TN:
SF:src\store\slices\authSlice.js
FN:8,(anonymous_0)
FN:25,(anonymous_1)
FN:38,(anonymous_2)
FN:50,(anonymous_3)
FN:52,(anonymous_4)
FN:56,(anonymous_5)
FN:60,(anonymous_6)
FNF:7
FNH:5
FNDA:1,(anonymous_0)
FNDA:0,(anonymous_1)
FNDA:0,(anonymous_2)
FNDA:2,(anonymous_3)
FNDA:2,(anonymous_4)
FNDA:1,(anonymous_5)
FNDA:1,(anonymous_6)
DA:4,5
DA:6,5
DA:9,1
DA:10,1
DA:11,1
DA:12,1
DA:13,1
DA:15,0
DA:18,0
DA:23,5
DA:26,0
DA:27,0
DA:28,0
DA:30,0
DA:33,0
DA:38,5
DA:39,0
DA:42,5
DA:46,5
DA:51,2
DA:53,2
DA:54,2
DA:57,1
DA:58,1
DA:61,1
DA:62,1
LF:26
LH:18
BRDA:15,0,0,0
BRDA:15,0,1,0
BRDA:15,1,0,0
BRDA:15,1,1,0
BRDA:30,2,0,0
BRDA:30,2,1,0
BRDA:30,3,0,0
BRDA:30,3,1,0
BRDA:42,4,0,0
BRDA:42,4,1,5
BRF:10
BRH:1
end_of_record
TN:
SF:src\theme\ThemeContext.jsx
FN:4,(anonymous_0)
FN:6,(anonymous_1)
FN:7,(anonymous_2)
FN:10,(anonymous_3)
FN:11,(anonymous_4)
FN:12,(anonymous_5)
FN:24,(anonymous_6)
FN:52,(anonymous_7)
FNF:8
FNH:7
FNDA:0,(anonymous_0)
FNDA:9,(anonymous_1)
FNDA:5,(anonymous_2)
FNDA:9,(anonymous_3)
FNDA:4,(anonymous_4)
FNDA:4,(anonymous_5)
FNDA:9,(anonymous_6)
FNDA:9,(anonymous_7)
DA:4,1
DA:6,1
DA:7,9
DA:9,9
DA:10,9
DA:12,4
DA:13,4
DA:14,4
DA:15,4
DA:23,9
DA:25,9
DA:52,9
DA:53,9
DA:56,9
LF:14
LH:14
BRDA:7,0,0,5
BRDA:7,0,1,4
BRDA:13,1,0,3
BRDA:13,1,1,1
BRDA:35,2,0,4
BRDA:35,2,1,5
BRDA:36,3,0,4
BRDA:36,3,1,5
BRF:8
BRH:8
end_of_record
